<?xml version="1.0" encoding="UTF-8"?>
<testsuites>
  <testsuite name="IMIE-CI" tests="6" assertions="6" failures="0" errors="0" time="0.035637">
    <testsuite name="idaoUserTest" file="/home/android/www/jenkins-test/test/unit/idaousertest.php" tests="0" assertions="0" failures="0" errors="0" time="0.000000"/>
    <testsuite name="UserTest" file="/home/android/www/jenkins-test/test/unit/usertest.php" tests="6" assertions="6" failures="0" errors="0" time="0.035637">
      <testcase name="testGetPrenom" class="UserTest" file="/home/android/www/jenkins-test/test/unit/usertest.php" line="7" assertions="1" time="0.014635"/>
      <testcase name="testGetNom" class="UserTest" file="/home/android/www/jenkins-test/test/unit/usertest.php" line="15" assertions="1" time="0.004612"/>
      <testcase name="testGetAge" class="UserTest" file="/home/android/www/jenkins-test/test/unit/usertest.php" line="23" assertions="1" time="0.004651"/>
      <testcase name="testSetPrenom" class="UserTest" file="/home/android/www/jenkins-test/test/unit/usertest.php" line="31" assertions="1" time="0.003831"/>
      <testcase name="testSetNom" class="UserTest" file="/home/android/www/jenkins-test/test/unit/usertest.php" line="40" assertions="1" time="0.003816"/>
      <testcase name="testSetAge" class="UserTest" file="/home/android/www/jenkins-test/test/unit/usertest.php" line="49" assertions="1" time="0.004092"/>
    </testsuite>
  </testsuite>
</testsuites>
